<?xml version="1.0" encoding="UTF-8"?>
<!-- Generated by org.testng.reporters.JUnitReportReporter -->
<testsuite skipped="0" hostname="Devops" name="pkg01.TC004GetHeaders" tests="1" failures="0" timestamp="26 Dec 2021 02:11:24 GMT" time="0.249" errors="0">
  <testcase name="getHeadersDetails" time="0.249" classname="pkg01.TC004GetHeaders"/>
</testsuite> <!-- pkg01.TC004GetHeaders -->
