<?xml version="1.0" encoding="UTF-8"?>
<!-- Generated by org.testng.reporters.JUnitReportReporter -->
<testsuite skipped="0" hostname="Devops" name="pkg01.TC003Get" tests="1" failures="0" timestamp="25 Dec 2021 12:36:47 GMT" time="0.224" errors="0">
  <testcase name="getUserDetails" time="0.224" classname="pkg01.TC003Get"/>
</testsuite> <!-- pkg01.TC003Get -->
