<?xml version="1.0" encoding="UTF-8"?>
<!-- Generated by org.testng.reporters.JUnitReportReporter -->
<testsuite skipped="0" hostname="Devops" name="pkg01.TC001Get" tests="1" failures="0" timestamp="26 Dec 2021 02:11:24 GMT" time="0.265" errors="0">
  <testcase name="getUserDetails" time="0.265" classname="pkg01.TC001Get"/>
</testsuite> <!-- pkg01.TC001Get -->
