<?xml version="1.0" encoding="UTF-8"?>
<!-- Generated by org.testng.reporters.JUnitReportReporter -->
<testsuite name="pkg01.TC007CheckBasicAuth" tests="1" time="2.961" ignored="0" failures="0" timestamp="26 Dec 2021 03:57:35 GMT" skipped="0" hostname="Devops" errors="0">
  <testcase name="authorization" time="2.961" classname="pkg01.TC007CheckBasicAuth"/>
</testsuite> <!-- pkg01.TC007CheckBasicAuth -->
