<?xml version="1.0" encoding="UTF-8"?>
<!-- Generated by org.testng.reporters.JUnitReportReporter -->
<testsuite name="pkg01.TC006GetJsonNodes" tests="1" time="4.707" ignored="0" failures="0" timestamp="26 Dec 2021 03:33:53 GMT" skipped="0" hostname="Devops" errors="0">
  <testcase name="postValidateJsonNodes" time="4.707" classname="pkg01.TC006GetJsonNodes"/>
</testsuite> <!-- pkg01.TC006GetJsonNodes -->
