<?xml version="1.0" encoding="UTF-8"?>
<!-- Generated by org.testng.reporters.JUnitReportReporter -->
<testsuite name="pkg02.TC008DataDriven" tests="4" time="8.213" ignored="0" failures="0" timestamp="26 Dec 2021 04:25:05 GMT" skipped="0" hostname="Devops" errors="0">
  <testcase name="DataDrivenTests" time="3.741" classname="pkg02.TC008DataDriven"/>
  <testcase name="DataDrivenTests" time="1.184" classname="pkg02.TC008DataDriven"/>
  <testcase name="DataDrivenTests" time="2.186" classname="pkg02.TC008DataDriven"/>
  <testcase name="DataDrivenTests" time="1.102" classname="pkg02.TC008DataDriven"/>
</testsuite> <!-- pkg02.TC008DataDriven -->
