<?xml version="1.0" encoding="UTF-8"?>
<!-- Generated by org.testng.reporters.JUnitReportReporter -->
<testsuite name="pkg01.TC004GetHeaders" tests="1" time="3.243" ignored="0" failures="0" timestamp="26 Dec 2021 02:10:18 GMT" skipped="0" hostname="Devops" errors="0">
  <testcase name="getHeadersDetails" time="3.243" classname="pkg01.TC004GetHeaders"/>
</testsuite> <!-- pkg01.TC004GetHeaders -->
