<?xml version="1.0" encoding="UTF-8"?>
<!-- Generated by org.testng.reporters.JUnitReportReporter -->
<testsuite name="pkg01.TC002Post" tests="1" time="4.320" ignored="0" failures="0" timestamp="25 Dec 2021 12:15:10 GMT" skipped="0" hostname="Devops" errors="0">
  <testcase name="postUserDetails" time="4.320" classname="pkg01.TC002Post"/>
</testsuite> <!-- pkg01.TC002Post -->
